[2026-04-28 19:56:28,119]: Welcome to the Data Science Project Template!: 
[2026-04-29 10:13:16,807]: Welcome to the Data Science Project Template!: 
[2026-04-29 10:13:16,808]: >>>>>> stage Data Ingestion Stage started <<<<<<: 
[2026-04-29 10:13:16,809]: yaml file: config\config.yaml loaded successfully: 
[2026-04-29 10:13:16,810]: yaml file: params.yaml loaded successfully: 
[2026-04-29 10:13:16,811]: yaml file: schema.yaml loaded successfully: 
[2026-04-29 10:13:16,812]: created directory at: artifacts: 
[2026-04-29 10:13:16,813]: created directory at: artifacts/data_ingestion: 
[2026-04-29 10:13:17,552]: artifacts/data_ingestion/data.zip downloaded with following info: 
Connection: close
Content-Length: 23329
Cache-Control: max-age=300
Content-Security-Policy: default-src 'none'; style-src 'unsafe-inline'; sandbox
Content-Type: application/zip
ETag: "c69888a4ae59bc5a893392785a938ccd4937981c06ba8a9d6a21aa52b4ab5b6e"
Strict-Transport-Security: max-age=31536000
X-Content-Type-Options: nosniff
X-Frame-Options: deny
X-XSS-Protection: 1; mode=block
X-GitHub-Request-Id: 5802:230BA8:F3BD60:1D09A78:69F1C22E
Accept-Ranges: bytes
Date: Wed, 29 Apr 2026 09:13:18 GMT
Via: 1.1 varnish
X-Served-By: cache-lcy-eglc8600070-LCY
X-Cache: HIT
X-Cache-Hits: 0
X-Timer: S1777453999.624006,VS0,VE106
Vary: Authorization,Accept-Encoding
Access-Control-Allow-Origin: *
Cross-Origin-Resource-Policy: cross-origin
X-Fastly-Request-ID: 8065e60fd8f983151a66130ef9480cb07f8eb897
Expires: Wed, 29 Apr 2026 09:18:18 GMT
Source-Age: 0

: 
[2026-04-29 10:13:17,555]: >>>>>> stage Data Ingestion Stage completed <<<<<<

x==========x: 
[2026-04-29 14:29:24,991]: yaml file: config\config.yaml loaded successfully: 
[2026-04-29 14:29:24,993]: yaml file: params.yaml loaded successfully: 
[2026-04-29 14:29:24,995]: yaml file: schema.yaml loaded successfully: 
[2026-04-29 14:29:24,998]: created directory at: artifacts: 
[2026-04-29 14:29:24,999]: created directory at: artifacts/data_validation: 
[2026-04-29 16:38:46,530]: Welcome to the Data Science Project Template!: 
[2026-04-29 16:38:46,531]: >>>>>> stage Data Ingestion Stage started <<<<<<: 
[2026-04-29 16:38:46,532]: yaml file: config\config.yaml loaded successfully: 
[2026-04-29 16:38:46,533]: yaml file: params.yaml loaded successfully: 
[2026-04-29 16:38:46,535]: yaml file: schema.yaml loaded successfully: 
[2026-04-29 16:38:46,536]: created directory at: artifacts: 
[2026-04-29 16:38:46,538]: created directory at: artifacts/data_ingestion: 
[2026-04-29 16:38:46,539]: File already exists of size: 23329: 
[2026-04-29 16:38:46,543]: >>>>>> stage Data Ingestion Stage completed <<<<<<

x==========x: 
[2026-04-29 16:38:46,544]: >>>>>> stage Data Validation Stage started <<<<<<: 
[2026-04-29 16:38:46,545]: yaml file: config\config.yaml loaded successfully: 
[2026-04-29 16:38:46,546]: yaml file: params.yaml loaded successfully: 
[2026-04-29 16:38:46,548]: yaml file: schema.yaml loaded successfully: 
[2026-04-29 16:38:46,549]: created directory at: artifacts: 
[2026-04-29 16:38:46,550]: created directory at: artifacts/data_validation: 
[2026-04-29 16:38:46,568]: >>>>>> stage Data Validation Stage completed <<<<<<

x==========x: 
